2024-10-15T20:56:56.835+03:00  INFO 74208 --- [main] c.gym_app.core.util.TrainingFactoryTest  : Starting TrainingFactoryTest using Java 22.0.2 with PID 74208 (started by D-mass in D:\Laba\core)
2024-10-15T20:56:56.846+03:00  INFO 74208 --- [main] c.gym_app.core.util.TrainingFactoryTest  : No active profile set, falling back to 1 default profile: "default"
2024-10-15T20:56:57.667+03:00  INFO 74208 --- [main] .s.d.r.c.RepositoryConfigurationDelegate : Bootstrapping Spring Data JPA repositories in DEFAULT mode.
2024-10-15T20:56:57.700+03:00  INFO 74208 --- [main] .s.d.r.c.RepositoryConfigurationDelegate : Finished Spring Data repository scanning in 20 ms. Found 0 JPA repository interfaces.
2024-10-15T20:56:58.478+03:00  INFO 74208 --- [main] o.hibernate.jpa.internal.util.LogHelper  : HHH000204: Processing PersistenceUnitInfo [name: default]
2024-10-15T20:56:58.568+03:00  INFO 74208 --- [main] org.hibernate.Version                    : HHH000412: Hibernate ORM core version 6.5.3.Final
2024-10-15T20:56:58.631+03:00  INFO 74208 --- [main] o.h.c.internal.RegionFactoryInitiator    : HHH000026: Second-level cache disabled
2024-10-15T20:56:59.074+03:00  INFO 74208 --- [main] o.s.o.j.p.SpringPersistenceUnitInfo      : No LoadTimeWeaver setup: ignoring JPA class transformer
2024-10-15T20:56:59.122+03:00  INFO 74208 --- [main] com.zaxxer.hikari.HikariDataSource       : HikariPool-1 - Starting...
2024-10-15T20:56:59.532+03:00  INFO 74208 --- [main] com.zaxxer.hikari.pool.HikariPool        : HikariPool-1 - Added connection conn0: url=jdbc:h2:mem:testdb user=ADMIN
2024-10-15T20:56:59.549+03:00  INFO 74208 --- [main] com.zaxxer.hikari.HikariDataSource       : HikariPool-1 - Start completed.
2024-10-15T20:56:59.579+03:00  WARN 74208 --- [main] org.hibernate.orm.deprecation            : HHH90000025: H2Dialect does not need to be specified explicitly using 'hibernate.dialect' (remove the property setting and it will be selected by default)
2024-10-15T20:57:00.004+03:00  INFO 74208 --- [main] o.h.e.t.j.p.i.JtaPlatformInitiator       : HHH000489: No JTA platform available (set 'hibernate.transaction.jta.platform' to enable JTA platform integration)
2024-10-15T20:57:00.004+03:00  INFO 74208 --- [main] j.LocalContainerEntityManagerFactoryBean : Initialized JPA EntityManagerFactory for persistence unit 'default'
2024-10-15T20:57:00.115+03:00  INFO 74208 --- [main] com.gym_app.core.aspect.LoggingAspect    : Entering method: create with arguments: [Trainee{User{, Alice', Walker', user= null', password='null'}dateOfBirth=null, address='123 Main St'}]
2024-10-15T20:57:00.115+03:00  INFO 74208 --- [main] com.gym_app.core.aspect.LoggingAspect    : Exiting method: create with result: Trainee{User{, Alice', Walker', user= Alice.Walker', password=*****}dateOfBirth=null, address='123 Main St'}
2024-10-15T20:57:00.115+03:00  INFO 74208 --- [main] com.gym_app.core.aspect.LoggingAspect    : Entering method: create with arguments: [Trainee{User{, Brian', Lee', user= null', password='null'}dateOfBirth=null, address='456 Oak Ave'}]
2024-10-15T20:57:00.115+03:00  INFO 74208 --- [main] com.gym_app.core.aspect.LoggingAspect    : Exiting method: create with result: Trainee{User{, Brian', Lee', user= Brian.Lee', password=*****}dateOfBirth=null, address='456 Oak Ave'}
2024-10-15T20:57:00.115+03:00  INFO 74208 --- [main] com.gym_app.core.aspect.LoggingAspect    : Entering method: create with arguments: [Trainee{User{, Clara', Kim', user= null', password='null'}dateOfBirth=null, address='789 Maple Dr'}]
2024-10-15T20:57:00.115+03:00  INFO 74208 --- [main] com.gym_app.core.aspect.LoggingAspect    : Exiting method: create with result: Trainee{User{, Clara', Kim', user= Clara.Kim', password=*****}dateOfBirth=null, address='789 Maple Dr'}
2024-10-15T20:57:00.115+03:00  INFO 74208 --- [main] com.gym_app.core.aspect.LoggingAspect    : Entering method: create with arguments: [Trainee{User{, Daniel', Moore', user= null', password='null'}dateOfBirth=null, address='321 Elm St'}]
2024-10-15T20:57:00.129+03:00  INFO 74208 --- [main] com.gym_app.core.aspect.LoggingAspect    : Exiting method: create with result: Trainee{User{, Daniel', Moore', user= Daniel.Moore', password=*****}dateOfBirth=null, address='321 Elm St'}
2024-10-15T20:57:00.129+03:00  INFO 74208 --- [main] com.gym_app.core.aspect.LoggingAspect    : Entering method: create with arguments: [Trainee{User{, Eva', Clark', user= null', password='null'}dateOfBirth=null, address='654 Pine Ln'}]
2024-10-15T20:57:00.129+03:00  INFO 74208 --- [main] com.gym_app.core.aspect.LoggingAspect    : Exiting method: create with result: Trainee{User{, Eva', Clark', user= Eva.Clark', password=*****}dateOfBirth=null, address='654 Pine Ln'}
2024-10-15T20:57:00.129+03:00  INFO 74208 --- [main] com.gym_app.core.aspect.LoggingAspect    : Entering method: create with arguments: [Trainee{User{, Frank', Young', user= null', password='null'}dateOfBirth=null, address='987 Cedar Ct'}]
2024-10-15T20:57:00.130+03:00  INFO 74208 --- [main] com.gym_app.core.aspect.LoggingAspect    : Exiting method: create with result: Trainee{User{, Frank', Young', user= Frank.Young', password=*****}dateOfBirth=null, address='987 Cedar Ct'}
2024-10-15T20:57:00.130+03:00  INFO 74208 --- [main] com.gym_app.core.aspect.LoggingAspect    : Entering method: create with arguments: [Trainee{User{, Grace', Hall', user= null', password='null'}dateOfBirth=null, address='246 Birch Rd'}]
2024-10-15T20:57:00.130+03:00  INFO 74208 --- [main] com.gym_app.core.aspect.LoggingAspect    : Exiting method: create with result: Trainee{User{, Grace', Hall', user= Grace.Hall', password=*****}dateOfBirth=null, address='246 Birch Rd'}
2024-10-15T20:57:00.131+03:00  INFO 74208 --- [main] com.gym_app.core.aspect.LoggingAspect    : Entering method: create with arguments: [Trainer{User{, John', Smith', user= null', password='null'} RESISTANCE'}]
2024-10-15T20:57:00.131+03:00  INFO 74208 --- [main] com.gym_app.core.aspect.LoggingAspect    : Exiting method: create with result: Trainer{User{, John', Smith', user= John.Smith', password=*****} RESISTANCE'}
2024-10-15T20:57:00.131+03:00  INFO 74208 --- [main] com.gym_app.core.aspect.LoggingAspect    : Entering method: create with arguments: [Trainer{User{, Emily', Davis', user= null', password='null'} STRETCHING'}]
2024-10-15T20:57:00.131+03:00  INFO 74208 --- [main] com.gym_app.core.aspect.LoggingAspect    : Exiting method: create with result: Trainer{User{, Emily', Davis', user= Emily.Davis', password=*****} STRETCHING'}
2024-10-15T20:57:00.131+03:00  INFO 74208 --- [main] com.gym_app.core.aspect.LoggingAspect    : Entering method: create with arguments: [Trainer{User{, Michael', Johnson', user= null', password='null'} YOGA'}]
2024-10-15T20:57:00.131+03:00  INFO 74208 --- [main] com.gym_app.core.aspect.LoggingAspect    : Exiting method: create with result: Trainer{User{, Michael', Johnson', user= Michael.Johnson', password=*****} YOGA'}
2024-10-15T20:57:00.131+03:00  INFO 74208 --- [main] com.gym_app.core.aspect.LoggingAspect    : Entering method: create with arguments: [Trainer{User{, Sarah', Brown', user= null', password='null'} RESISTANCE'}]
2024-10-15T20:57:00.137+03:00  INFO 74208 --- [main] com.gym_app.core.aspect.LoggingAspect    : Exiting method: create with result: Trainer{User{, Sarah', Brown', user= Sarah.Brown', password=*****} RESISTANCE'}
2024-10-15T20:57:00.137+03:00  INFO 74208 --- [main] com.gym_app.core.aspect.LoggingAspect    : Entering method: create with arguments: [Trainer{User{, David', Jones', user= null', password='null'} ZUMBA'}]
2024-10-15T20:57:00.137+03:00  INFO 74208 --- [main] com.gym_app.core.aspect.LoggingAspect    : Exiting method: create with result: Trainer{User{, David', Jones', user= David.Jones', password=*****} ZUMBA'}
2024-10-15T20:57:00.137+03:00  INFO 74208 --- [main] com.gym_app.core.aspect.LoggingAspect    : Entering method: create with arguments: [Trainer{User{, Sophia', Taylor', user= null', password='null'} YOGA'}]
2024-10-15T20:57:00.137+03:00  INFO 74208 --- [main] com.gym_app.core.aspect.LoggingAspect    : Exiting method: create with result: Trainer{User{, Sophia', Taylor', user= Sophia.Taylor', password=*****} YOGA'}
2024-10-15T20:57:00.137+03:00  INFO 74208 --- [main] com.gym_app.core.aspect.LoggingAspect    : Entering method: create with arguments: [Trainer{User{, James', White', user= null', password='null'} RESISTANCE'}]
2024-10-15T20:57:00.137+03:00  INFO 74208 --- [main] com.gym_app.core.aspect.LoggingAspect    : Exiting method: create with result: Trainer{User{, James', White', user= James.White', password=*****} RESISTANCE'}
2024-10-15T20:57:00.139+03:00  INFO 74208 --- [main] com.gym_app.core.aspect.LoggingAspect    : Entering method: create with arguments: [Training{Service{Id=0, Brian.Lee, John.Smith, Strength Training', 2024-10-15, 60}trainingType=RESISTANCE, trainingName='Strength Training', trainingDate=2024-10-15, duration=60}]
2024-10-15T20:57:00.146+03:00  INFO 74208 --- [main] com.gym_app.core.aspect.LoggingAspect    : Exiting method: create with result: Training{Service{Id=616, Brian.Lee, John.Smith, Strength Training', 2024-10-15, 60}trainingType=RESISTANCE, trainingName='Strength Training', trainingDate=2024-10-15, duration=60}
2024-10-15T20:57:00.146+03:00  INFO 74208 --- [main] com.gym_app.core.aspect.LoggingAspect    : Entering method: create with arguments: [Training{Service{Id=0, Alice.Walker, Emily.Davis, Yoga Class', 2024-10-16, 45}trainingType=YOGA, trainingName='Yoga Class', trainingDate=2024-10-16, duration=45}]
2024-10-15T20:57:00.146+03:00  INFO 74208 --- [main] com.gym_app.core.aspect.LoggingAspect    : Exiting method: create with result: Training{Service{Id=677, Alice.Walker, Emily.Davis, Yoga Class', 2024-10-16, 45}trainingType=YOGA, trainingName='Yoga Class', trainingDate=2024-10-16, duration=45}
2024-10-15T20:57:00.146+03:00  INFO 74208 --- [main] com.gym_app.core.aspect.LoggingAspect    : Entering method: create with arguments: [Training{Service{Id=0, Daniel.Moore, Michael.Johnson, Cardio Session', 2024-10-17, 30}trainingType=ZUMBA, trainingName='Cardio Session', trainingDate=2024-10-17, duration=30}]
2024-10-15T20:57:00.146+03:00  INFO 74208 --- [main] com.gym_app.core.aspect.LoggingAspect    : Exiting method: create with result: Training{Service{Id=380, Daniel.Moore, Michael.Johnson, Cardio Session', 2024-10-17, 30}trainingType=ZUMBA, trainingName='Cardio Session', trainingDate=2024-10-17, duration=30}
2024-10-15T20:57:00.146+03:00  INFO 74208 --- [main] com.gym_app.core.aspect.LoggingAspect    : Entering method: create with arguments: [Training{Service{Id=0, Clara.Kim, Sarah.Brown, Stretching Routine', 2024-10-18, 20}trainingType=STRETCHING, trainingName='Stretching Routine', trainingDate=2024-10-18, duration=20}]
2024-10-15T20:57:00.146+03:00  INFO 74208 --- [main] com.gym_app.core.aspect.LoggingAspect    : Exiting method: create with result: Training{Service{Id=228, Clara.Kim, Sarah.Brown, Stretching Routine', 2024-10-18, 20}trainingType=STRETCHING, trainingName='Stretching Routine', trainingDate=2024-10-18, duration=20}
2024-10-15T20:57:00.146+03:00  INFO 74208 --- [main] com.gym_app.core.aspect.LoggingAspect    : Entering method: create with arguments: [Training{Service{Id=0, Frank.Young, David.Jones, Resistance Training', 2024-10-19, 50}trainingType=RESISTANCE, trainingName='Resistance Training', trainingDate=2024-10-19, duration=50}]
2024-10-15T20:57:00.146+03:00  INFO 74208 --- [main] com.gym_app.core.aspect.LoggingAspect    : Exiting method: create with result: Training{Service{Id=793, Frank.Young, David.Jones, Resistance Training', 2024-10-19, 50}trainingType=RESISTANCE, trainingName='Resistance Training', trainingDate=2024-10-19, duration=50}
2024-10-15T20:57:00.146+03:00  INFO 74208 --- [main] com.gym_app.core.aspect.LoggingAspect    : Entering method: create with arguments: [Training{Service{Id=0, Grace.Hall, Sophia.Taylor, Aerobics', 2024-10-20, 40}trainingType=ZUMBA, trainingName='Aerobics', trainingDate=2024-10-20, duration=40}]
2024-10-15T20:57:00.146+03:00  INFO 74208 --- [main] com.gym_app.core.aspect.LoggingAspect    : Exiting method: create with result: Training{Service{Id=960, Grace.Hall, Sophia.Taylor, Aerobics', 2024-10-20, 40}trainingType=ZUMBA, trainingName='Aerobics', trainingDate=2024-10-20, duration=40}
2024-10-15T20:57:00.146+03:00  INFO 74208 --- [main] com.gym_app.core.aspect.LoggingAspect    : Entering method: create with arguments: [Training{Service{Id=0, Eva.Clark, James.White, Personal Training', 2024-10-21, 90}trainingType=YOGA, trainingName='Personal Training', trainingDate=2024-10-21, duration=90}]
2024-10-15T20:57:00.146+03:00  INFO 74208 --- [main] com.gym_app.core.aspect.LoggingAspect    : Exiting method: create with result: Training{Service{Id=680, Eva.Clark, James.White, Personal Training', 2024-10-21, 90}trainingType=YOGA, trainingName='Personal Training', trainingDate=2024-10-21, duration=90}
2024-10-15T20:57:00.382+03:00  WARN 74208 --- [main] JpaBaseConfiguration$JpaWebConfiguration : spring.jpa.open-in-view is enabled by default. Therefore, database queries may be performed during view rendering. Explicitly configure spring.jpa.open-in-view to disable this warning
2024-10-15T20:57:01.043+03:00  INFO 74208 --- [main] o.s.b.a.h2.H2ConsoleAutoConfiguration    : H2 console available at '/h2'. Database available at 'jdbc:h2:mem:testdb'
2024-10-15T20:57:01.239+03:00  INFO 74208 --- [main] c.gym_app.core.util.TrainingFactoryTest  : Started TrainingFactoryTest in 4.876 seconds (process running for 6.441)
2024-10-15T20:57:01.760+03:00  INFO 74208 --- [main] com.gym_app.core.aspect.LoggingAspect    : Entering method: create with arguments: [Trainer{User{, John', Wick', user= null', password='null'} YOGA'}]
2024-10-15T20:57:01.760+03:00  INFO 74208 --- [main] com.gym_app.core.aspect.LoggingAspect    : Exiting method: create with result: Trainer{User{, John', Wick', user= John.Wick', password=*****} YOGA'}
2024-10-15T20:57:01.760+03:00  INFO 74208 --- [main] com.gym_app.core.aspect.LoggingAspect    : Entering method: create with arguments: [Trainer{User{, Alice', Smith', user= null', password='null'} null'}]
2024-10-15T20:57:01.760+03:00  INFO 74208 --- [main] com.gym_app.core.aspect.LoggingAspect    : Exiting method: create with result: Trainer{User{, Alice', Smith', user= Alice.Smith', password=*****} null'}
2024-10-15T20:57:01.760+03:00  INFO 74208 --- [main] com.gym_app.core.aspect.LoggingAspect    : Entering method: create with arguments: [Trainer{User{, Bruce', Wayne', user= null', password='null'} RESISTANCE'}]
2024-10-15T20:57:01.760+03:00  INFO 74208 --- [main] com.gym_app.core.aspect.LoggingAspect    : Exiting method: create with result: Trainer{User{, Bruce', Wayne', user= Bruce.Wayne', password=*****} RESISTANCE'}
2024-10-15T20:57:01.760+03:00  INFO 74208 --- [main] com.gym_app.core.aspect.LoggingAspect    : Entering method: create with arguments: [Trainer{User{, Diana', Prince', user= null', password='null'} STRETCHING'}]
2024-10-15T20:57:01.760+03:00  INFO 74208 --- [main] com.gym_app.core.aspect.LoggingAspect    : Exiting method: create with result: Trainer{User{, Diana', Prince', user= Diana.Prince', password=*****} STRETCHING'}
2024-10-15T20:57:01.760+03:00  INFO 74208 --- [main] com.gym_app.core.aspect.LoggingAspect    : Entering method: create with arguments: [Trainer{User{, Clark', Kent', user= null', password='null'} YOGA'}]
2024-10-15T20:57:01.760+03:00  INFO 74208 --- [main] com.gym_app.core.aspect.LoggingAspect    : Exiting method: create with result: Trainer{User{, Clark', Kent', user= Clark.Kent', password=*****} YOGA'}
2024-10-15T20:57:01.760+03:00  INFO 74208 --- [main] com.gym_app.core.aspect.LoggingAspect    : Entering method: update with arguments: [Trainer{User{, Bruce', Wayne', user= Bruce.Wayne', password='GK4Hq6pKWU'} RESISTANCE'}, [Bruce, Lee, Bruce.Lee, kungfupanda, true, RESISTANCE]]
2024-10-15T20:57:01.763+03:00  INFO 74208 --- [main] com.gym_app.core.aspect.LoggingAspect    : Exiting method: update with result: null
2024-10-15T20:57:01.763+03:00  INFO 74208 --- [main] com.gym_app.core.aspect.LoggingAspect    : Entering method: select with arguments: [Bruce.Wayne]
2024-10-15T20:57:01.763+03:00  INFO 74208 --- [main] com.gym_app.core.aspect.LoggingAspect    : Exiting method: select with result: Optional[Trainer{User{, Bruce', Lee', user= Bruce.Lee', password=*****} RESISTANCE'}]
2024-10-15T20:57:01.765+03:00  INFO 74208 --- [main] com.gym_app.core.aspect.LoggingAspect    : Entering method: update with arguments: [null, [Bruce, Lee, Bruce.Lee, kungfupanda, true, RESISTANCE]]
2024-10-15T20:57:01.765+03:00 ERROR 74208 --- [main] com.gym_app.core.aspect.LoggingAspect    : Exception thrown in method: update with message: Entity argument cannot be null
2024-10-15T20:57:01.765+03:00  INFO 74208 --- [main] com.gym_app.core.aspect.LoggingAspect    : Entering method: update with arguments: [Trainer{User{, Bruce', Lee', user= Bruce.Lee', password='kungfupanda'} RESISTANCE'}, null]
2024-10-15T20:57:01.765+03:00 ERROR 74208 --- [main] com.gym_app.core.aspect.LoggingAspect    : Exception thrown in method: update with message: Update array cannot be null or empty
2024-10-15T20:57:01.765+03:00  INFO 74208 --- [main] com.gym_app.core.aspect.LoggingAspect    : Entering method: update with arguments: [Trainer{User{, Bruce', Lee', user= Bruce.Lee', password='kungfupanda'} RESISTANCE'}, []]
2024-10-15T20:57:01.765+03:00 ERROR 74208 --- [main] com.gym_app.core.aspect.LoggingAspect    : Exception thrown in method: update with message: Update array cannot be null or empty
2024-10-15T20:57:01.765+03:00  INFO 74208 --- [main] com.gym_app.core.aspect.LoggingAspect    : Entering method: create with arguments: [Trainer{User{, John', Wick', user= null', password='null'} YOGA'}]
2024-10-15T20:57:01.765+03:00  INFO 74208 --- [main] com.gym_app.core.aspect.LoggingAspect    : Exiting method: create with result: Trainer{User{, John', Wick', user= John.Wick', password=*****} YOGA'}
2024-10-15T20:57:01.765+03:00  INFO 74208 --- [main] com.gym_app.core.aspect.LoggingAspect    : Entering method: create with arguments: [Trainer{User{, Alice', Smith', user= null', password='null'} null'}]
2024-10-15T20:57:01.765+03:00  INFO 74208 --- [main] com.gym_app.core.aspect.LoggingAspect    : Exiting method: create with result: Trainer{User{, Alice', Smith', user= Alice.Smith', password=*****} null'}
2024-10-15T20:57:01.765+03:00  INFO 74208 --- [main] com.gym_app.core.aspect.LoggingAspect    : Entering method: create with arguments: [Trainer{User{, Bruce', Wayne', user= null', password='null'} RESISTANCE'}]
2024-10-15T20:57:01.765+03:00  INFO 74208 --- [main] com.gym_app.core.aspect.LoggingAspect    : Exiting method: create with result: Trainer{User{, Bruce', Wayne', user= Bruce.Wayne', password=*****} RESISTANCE'}
2024-10-15T20:57:01.765+03:00  INFO 74208 --- [main] com.gym_app.core.aspect.LoggingAspect    : Entering method: create with arguments: [Trainer{User{, Diana', Prince', user= null', password='null'} STRETCHING'}]
2024-10-15T20:57:01.765+03:00  INFO 74208 --- [main] com.gym_app.core.aspect.LoggingAspect    : Exiting method: create with result: Trainer{User{, Diana', Prince', user= Diana.Prince', password=*****} STRETCHING'}
2024-10-15T20:57:01.765+03:00  INFO 74208 --- [main] com.gym_app.core.aspect.LoggingAspect    : Entering method: create with arguments: [Trainer{User{, Clark', Kent', user= null', password='null'} YOGA'}]
2024-10-15T20:57:01.772+03:00  INFO 74208 --- [main] com.gym_app.core.aspect.LoggingAspect    : Exiting method: create with result: Trainer{User{, Clark', Kent', user= Clark.Kent', password=*****} YOGA'}
2024-10-15T20:57:01.772+03:00  INFO 74208 --- [main] com.gym_app.core.aspect.LoggingAspect    : Entering method: delete with arguments: [Diana.Prince]
2024-10-15T20:57:01.772+03:00  INFO 74208 --- [main] com.gym_app.core.aspect.LoggingAspect    : Exiting method: delete with result: null
2024-10-15T20:57:01.772+03:00  INFO 74208 --- [main] com.gym_app.core.aspect.LoggingAspect    : Entering method: delete with arguments: [Diana.Prince]
2024-10-15T20:57:01.772+03:00 ERROR 74208 --- [main] com.gym_app.core.aspect.LoggingAspect    : Exception thrown in method: delete with message: Entity with ID Diana.Prince not found
2024-10-15T20:57:01.772+03:00  INFO 74208 --- [main] com.gym_app.core.aspect.LoggingAspect    : Entering method: create with arguments: [Trainer{User{, John', Wick', user= null', password='null'} YOGA'}]
2024-10-15T20:57:01.772+03:00  INFO 74208 --- [main] com.gym_app.core.aspect.LoggingAspect    : Exiting method: create with result: Trainer{User{, John', Wick', user= John.Wick', password=*****} YOGA'}
2024-10-15T20:57:01.772+03:00  INFO 74208 --- [main] com.gym_app.core.aspect.LoggingAspect    : Entering method: create with arguments: [Trainer{User{, Alice', Smith', user= null', password='null'} null'}]
2024-10-15T20:57:01.772+03:00  INFO 74208 --- [main] com.gym_app.core.aspect.LoggingAspect    : Exiting method: create with result: Trainer{User{, Alice', Smith', user= Alice.Smith', password=*****} null'}
2024-10-15T20:57:01.772+03:00  INFO 74208 --- [main] com.gym_app.core.aspect.LoggingAspect    : Entering method: create with arguments: [Trainer{User{, Bruce', Wayne', user= null', password='null'} RESISTANCE'}]
2024-10-15T20:57:01.772+03:00  INFO 74208 --- [main] com.gym_app.core.aspect.LoggingAspect    : Exiting method: create with result: Trainer{User{, Bruce', Wayne', user= Bruce.Wayne', password=*****} RESISTANCE'}
2024-10-15T20:57:01.772+03:00  INFO 74208 --- [main] com.gym_app.core.aspect.LoggingAspect    : Entering method: create with arguments: [Trainer{User{, Diana', Prince', user= null', password='null'} STRETCHING'}]
2024-10-15T20:57:01.779+03:00  INFO 74208 --- [main] com.gym_app.core.aspect.LoggingAspect    : Exiting method: create with result: Trainer{User{, Diana', Prince', user= Diana.Prince', password=*****} STRETCHING'}
2024-10-15T20:57:01.779+03:00  INFO 74208 --- [main] com.gym_app.core.aspect.LoggingAspect    : Entering method: create with arguments: [Trainer{User{, Clark', Kent', user= null', password='null'} YOGA'}]
2024-10-15T20:57:01.779+03:00  INFO 74208 --- [main] com.gym_app.core.aspect.LoggingAspect    : Exiting method: create with result: Trainer{User{, Clark', Kent', user= Clark.Kent', password=*****} YOGA'}
2024-10-15T20:57:01.779+03:00  INFO 74208 --- [main] com.gym_app.core.aspect.LoggingAspect    : Entering method: create with arguments: [Trainer{User{, John', Bon Jovy', user= John.Bon Jovy', password='neworleans1990'} ZUMBA'}]
2024-10-15T20:57:01.779+03:00  INFO 74208 --- [main] com.gym_app.core.aspect.LoggingAspect    : Exiting method: create with result: Trainer{User{, John', Bon Jovy', user= John.Bon Jovy', password=*****} ZUMBA'}
2024-10-15T20:57:01.779+03:00  INFO 74208 --- [main] com.gym_app.core.aspect.LoggingAspect    : Entering method: create with arguments: [Trainer{User{, John', Bon Jovy', user= null', password='null'} ZUMBA'}]
2024-10-15T20:57:01.779+03:00  INFO 74208 --- [main] com.gym_app.core.aspect.LoggingAspect    : Exiting method: create with result: Trainer{User{, John', Bon Jovy', user= John.Bon Jovy1', password=*****} ZUMBA'}
2024-10-15T20:57:01.779+03:00  INFO 74208 --- [main] com.gym_app.core.aspect.LoggingAspect    : Entering method: create with arguments: [Trainer{User{, John', Bon Jovy', user= null', password='null'} ZUMBA'}]
2024-10-15T20:57:01.779+03:00  INFO 74208 --- [main] com.gym_app.core.aspect.LoggingAspect    : Exiting method: create with result: Trainer{User{, John', Bon Jovy', user= John.Bon Jovy2', password=*****} ZUMBA'}
2024-10-15T20:57:01.781+03:00  INFO 74208 --- [main] com.gym_app.core.aspect.LoggingAspect    : Entering method: create with arguments: [null]
2024-10-15T20:57:01.781+03:00 ERROR 74208 --- [main] com.gym_app.core.aspect.LoggingAspect    : Exception thrown in method: create with message: Entity argument cannot be null
2024-10-15T20:57:01.781+03:00  INFO 74208 --- [main] com.gym_app.core.aspect.LoggingAspect    : Entering method: create with arguments: [Trainer{User{, John', Wick', user= null', password='null'} YOGA'}]
2024-10-15T20:57:01.781+03:00  INFO 74208 --- [main] com.gym_app.core.aspect.LoggingAspect    : Exiting method: create with result: Trainer{User{, John', Wick', user= John.Wick', password=*****} YOGA'}
2024-10-15T20:57:01.781+03:00  INFO 74208 --- [main] com.gym_app.core.aspect.LoggingAspect    : Entering method: create with arguments: [Trainer{User{, Alice', Smith', user= null', password='null'} null'}]
2024-10-15T20:57:01.781+03:00  INFO 74208 --- [main] com.gym_app.core.aspect.LoggingAspect    : Exiting method: create with result: Trainer{User{, Alice', Smith', user= Alice.Smith', password=*****} null'}
2024-10-15T20:57:01.781+03:00  INFO 74208 --- [main] com.gym_app.core.aspect.LoggingAspect    : Entering method: create with arguments: [Trainer{User{, Bruce', Wayne', user= null', password='null'} RESISTANCE'}]
2024-10-15T20:57:01.781+03:00  INFO 74208 --- [main] com.gym_app.core.aspect.LoggingAspect    : Exiting method: create with result: Trainer{User{, Bruce', Wayne', user= Bruce.Wayne', password=*****} RESISTANCE'}
2024-10-15T20:57:01.781+03:00  INFO 74208 --- [main] com.gym_app.core.aspect.LoggingAspect    : Entering method: create with arguments: [Trainer{User{, Diana', Prince', user= null', password='null'} STRETCHING'}]
2024-10-15T20:57:01.781+03:00  INFO 74208 --- [main] com.gym_app.core.aspect.LoggingAspect    : Exiting method: create with result: Trainer{User{, Diana', Prince', user= Diana.Prince', password=*****} STRETCHING'}
2024-10-15T20:57:01.781+03:00  INFO 74208 --- [main] com.gym_app.core.aspect.LoggingAspect    : Entering method: create with arguments: [Trainer{User{, Clark', Kent', user= null', password='null'} YOGA'}]
2024-10-15T20:57:01.781+03:00  INFO 74208 --- [main] com.gym_app.core.aspect.LoggingAspect    : Exiting method: create with result: Trainer{User{, Clark', Kent', user= Clark.Kent', password=*****} YOGA'}
2024-10-15T20:57:01.787+03:00  INFO 74208 --- [main] com.gym_app.core.aspect.LoggingAspect    : Entering method: select with arguments: [Clark.Kent]
2024-10-15T20:57:01.787+03:00  INFO 74208 --- [main] com.gym_app.core.aspect.LoggingAspect    : Exiting method: select with result: Optional[Trainer{User{, Clark', Kent', user= Clark.Kent', password=*****} YOGA'}]
2024-10-15T20:57:01.787+03:00  INFO 74208 --- [main] com.gym_app.core.aspect.LoggingAspect    : Entering method: select with arguments: [something.weird]
2024-10-15T20:57:01.787+03:00 ERROR 74208 --- [main] com.gym_app.core.aspect.LoggingAspect    : Exception thrown in method: select with message: Entity with ID something.weird not found
2024-10-15T20:57:01.813+03:00  INFO 74208 --- [main] com.gym_app.core.aspect.LoggingAspect    : Entering method: create with arguments: [Training{Service{Id=0, Alpha, Delta, Sunday Stretching', 2024-10-17, 60}trainingType=STRETCHING, trainingName='Sunday Stretching', trainingDate=2024-10-17, duration=60}]
2024-10-15T20:57:01.813+03:00  INFO 74208 --- [main] com.gym_app.core.aspect.LoggingAspect    : Exiting method: create with result: Training{Service{Id=368, Alpha, Delta, Sunday Stretching', 2024-10-17, 60}trainingType=STRETCHING, trainingName='Sunday Stretching', trainingDate=2024-10-17, duration=60}
2024-10-15T20:57:01.813+03:00  INFO 74208 --- [main] com.gym_app.core.aspect.LoggingAspect    : Entering method: create with arguments: [Training{Service{Id=0, Beta, Omega, Morning Yoga', 2024-10-18, 90}trainingType=YOGA, trainingName='Morning Yoga', trainingDate=2024-10-18, duration=90}]
2024-10-15T20:57:01.813+03:00  INFO 74208 --- [main] com.gym_app.core.aspect.LoggingAspect    : Exiting method: create with result: Training{Service{Id=433, Beta, Omega, Morning Yoga', 2024-10-18, 90}trainingType=YOGA, trainingName='Morning Yoga', trainingDate=2024-10-18, duration=90}
2024-10-15T20:57:01.813+03:00  INFO 74208 --- [main] com.gym_app.core.aspect.LoggingAspect    : Entering method: create with arguments: [Training{Service{Id=0, Alpha, Omega, Resistance Training', 2024-10-19, 75}trainingType=RESISTANCE, trainingName='Resistance Training', trainingDate=2024-10-19, duration=75}]
2024-10-15T20:57:01.813+03:00  INFO 74208 --- [main] com.gym_app.core.aspect.LoggingAspect    : Exiting method: create with result: Training{Service{Id=501, Alpha, Omega, Resistance Training', 2024-10-19, 75}trainingType=RESISTANCE, trainingName='Resistance Training', trainingDate=2024-10-19, duration=75}
2024-10-15T20:57:01.813+03:00  INFO 74208 --- [main] com.gym_app.core.aspect.LoggingAspect    : Entering method: create with arguments: [Training{Service{Id=0, Ro, Epsilon, Evening Zumba', 2024-10-16, 50}trainingType=ZUMBA, trainingName='Evening Zumba', trainingDate=2024-10-16, duration=50}]
2024-10-15T20:57:01.813+03:00  INFO 74208 --- [main] com.gym_app.core.aspect.LoggingAspect    : Exiting method: create with result: Training{Service{Id=322, Ro, Epsilon, Evening Zumba', 2024-10-16, 50}trainingType=ZUMBA, trainingName='Evening Zumba', trainingDate=2024-10-16, duration=50}
2024-10-15T20:57:01.813+03:00  INFO 74208 --- [main] com.gym_app.core.aspect.LoggingAspect    : Entering method: create with arguments: [Training{Service{Id=0, Kappa, Delta, Power Lifting', 2024-10-20, 120}trainingType=RESISTANCE, trainingName='Power Lifting', trainingDate=2024-10-20, duration=120}]
2024-10-15T20:57:01.813+03:00  INFO 74208 --- [main] com.gym_app.core.aspect.LoggingAspect    : Exiting method: create with result: Training{Service{Id=508, Kappa, Delta, Power Lifting', 2024-10-20, 120}trainingType=RESISTANCE, trainingName='Power Lifting', trainingDate=2024-10-20, duration=120}
2024-10-15T20:57:01.813+03:00  INFO 74208 --- [main] com.gym_app.core.aspect.LoggingAspect    : Entering method: create with arguments: [Training{Service{Id=0, Lambda, Epsilon, Full Body Fitness', 2024-10-21, 90}trainingType=FITNESS, trainingName='Full Body Fitness', trainingDate=2024-10-21, duration=90}]
2024-10-15T20:57:01.813+03:00  INFO 74208 --- [main] com.gym_app.core.aspect.LoggingAspect    : Exiting method: create with result: Training{Service{Id=835, Lambda, Epsilon, Full Body Fitness', 2024-10-21, 90}trainingType=FITNESS, trainingName='Full Body Fitness', trainingDate=2024-10-21, duration=90}
2024-10-15T20:57:01.813+03:00  INFO 74208 --- [main] com.gym_app.core.aspect.LoggingAspect    : Entering method: delete with arguments: [322]
2024-10-15T20:57:01.813+03:00  INFO 74208 --- [main] com.gym_app.core.aspect.LoggingAspect    : Exiting method: delete with result: null
2024-10-15T20:57:01.813+03:00  INFO 74208 --- [main] com.gym_app.core.aspect.LoggingAspect    : Entering method: delete with arguments: [322]
2024-10-15T20:57:01.813+03:00 ERROR 74208 --- [main] com.gym_app.core.aspect.LoggingAspect    : Exception thrown in method: delete with message: Entity with ID 322 not found
2024-10-15T20:57:01.813+03:00  INFO 74208 --- [main] com.gym_app.core.aspect.LoggingAspect    : Entering method: create with arguments: [Training{Service{Id=0, Alpha, Delta, Sunday Stretching', 2024-10-17, 60}trainingType=STRETCHING, trainingName='Sunday Stretching', trainingDate=2024-10-17, duration=60}]
2024-10-15T20:57:01.813+03:00  INFO 74208 --- [main] com.gym_app.core.aspect.LoggingAspect    : Exiting method: create with result: Training{Service{Id=788, Alpha, Delta, Sunday Stretching', 2024-10-17, 60}trainingType=STRETCHING, trainingName='Sunday Stretching', trainingDate=2024-10-17, duration=60}
2024-10-15T20:57:01.813+03:00  INFO 74208 --- [main] com.gym_app.core.aspect.LoggingAspect    : Entering method: create with arguments: [Training{Service{Id=0, Beta, Omega, Morning Yoga', 2024-10-18, 90}trainingType=YOGA, trainingName='Morning Yoga', trainingDate=2024-10-18, duration=90}]
2024-10-15T20:57:01.813+03:00  INFO 74208 --- [main] com.gym_app.core.aspect.LoggingAspect    : Exiting method: create with result: Training{Service{Id=695, Beta, Omega, Morning Yoga', 2024-10-18, 90}trainingType=YOGA, trainingName='Morning Yoga', trainingDate=2024-10-18, duration=90}
2024-10-15T20:57:01.813+03:00  INFO 74208 --- [main] com.gym_app.core.aspect.LoggingAspect    : Entering method: create with arguments: [Training{Service{Id=0, Alpha, Omega, Resistance Training', 2024-10-19, 75}trainingType=RESISTANCE, trainingName='Resistance Training', trainingDate=2024-10-19, duration=75}]
2024-10-15T20:57:01.813+03:00  INFO 74208 --- [main] com.gym_app.core.aspect.LoggingAspect    : Exiting method: create with result: Training{Service{Id=242, Alpha, Omega, Resistance Training', 2024-10-19, 75}trainingType=RESISTANCE, trainingName='Resistance Training', trainingDate=2024-10-19, duration=75}
2024-10-15T20:57:01.813+03:00  INFO 74208 --- [main] com.gym_app.core.aspect.LoggingAspect    : Entering method: create with arguments: [Training{Service{Id=0, Ro, Epsilon, Evening Zumba', 2024-10-16, 50}trainingType=ZUMBA, trainingName='Evening Zumba', trainingDate=2024-10-16, duration=50}]
2024-10-15T20:57:01.813+03:00  INFO 74208 --- [main] com.gym_app.core.aspect.LoggingAspect    : Exiting method: create with result: Training{Service{Id=888, Ro, Epsilon, Evening Zumba', 2024-10-16, 50}trainingType=ZUMBA, trainingName='Evening Zumba', trainingDate=2024-10-16, duration=50}
2024-10-15T20:57:01.813+03:00  INFO 74208 --- [main] com.gym_app.core.aspect.LoggingAspect    : Entering method: create with arguments: [Training{Service{Id=0, Kappa, Delta, Power Lifting', 2024-10-20, 120}trainingType=RESISTANCE, trainingName='Power Lifting', trainingDate=2024-10-20, duration=120}]
2024-10-15T20:57:01.813+03:00  INFO 74208 --- [main] com.gym_app.core.aspect.LoggingAspect    : Exiting method: create with result: Training{Service{Id=64, Kappa, Delta, Power Lifting', 2024-10-20, 120}trainingType=RESISTANCE, trainingName='Power Lifting', trainingDate=2024-10-20, duration=120}
2024-10-15T20:57:01.813+03:00  INFO 74208 --- [main] com.gym_app.core.aspect.LoggingAspect    : Entering method: create with arguments: [Training{Service{Id=0, Lambda, Epsilon, Full Body Fitness', 2024-10-21, 90}trainingType=FITNESS, trainingName='Full Body Fitness', trainingDate=2024-10-21, duration=90}]
2024-10-15T20:57:01.813+03:00  INFO 74208 --- [main] com.gym_app.core.aspect.LoggingAspect    : Exiting method: create with result: Training{Service{Id=209, Lambda, Epsilon, Full Body Fitness', 2024-10-21, 90}trainingType=FITNESS, trainingName='Full Body Fitness', trainingDate=2024-10-21, duration=90}
2024-10-15T20:57:01.813+03:00  INFO 74208 --- [main] com.gym_app.core.aspect.LoggingAspect    : Entering method: create with arguments: [Training{Service{Id=0, Kappa, Ultima, Cardio Blast', 2024-10-22, 45}trainingType=FITNESS, trainingName='Cardio Blast', trainingDate=2024-10-22, duration=45}]
2024-10-15T20:57:01.813+03:00  INFO 74208 --- [main] com.gym_app.core.aspect.LoggingAspect    : Exiting method: create with result: Training{Service{Id=88, Kappa, Ultima, Cardio Blast', 2024-10-22, 45}trainingType=FITNESS, trainingName='Cardio Blast', trainingDate=2024-10-22, duration=45}
2024-10-15T20:57:01.813+03:00  INFO 74208 --- [main] com.gym_app.core.aspect.LoggingAspect    : Entering method: create with arguments: [null]
2024-10-15T20:57:01.813+03:00 ERROR 74208 --- [main] com.gym_app.core.aspect.LoggingAspect    : Exception thrown in method: create with message: Entity argument cannot be null
2024-10-15T20:57:01.828+03:00  INFO 74208 --- [main] com.gym_app.core.aspect.LoggingAspect    : Entering method: create with arguments: [Training{Service{Id=0, Alpha, Delta, Sunday Stretching', 2024-10-17, 60}trainingType=STRETCHING, trainingName='Sunday Stretching', trainingDate=2024-10-17, duration=60}]
2024-10-15T20:57:01.828+03:00  INFO 74208 --- [main] com.gym_app.core.aspect.LoggingAspect    : Exiting method: create with result: Training{Service{Id=187, Alpha, Delta, Sunday Stretching', 2024-10-17, 60}trainingType=STRETCHING, trainingName='Sunday Stretching', trainingDate=2024-10-17, duration=60}
2024-10-15T20:57:01.828+03:00  INFO 74208 --- [main] com.gym_app.core.aspect.LoggingAspect    : Entering method: create with arguments: [Training{Service{Id=0, Beta, Omega, Morning Yoga', 2024-10-18, 90}trainingType=YOGA, trainingName='Morning Yoga', trainingDate=2024-10-18, duration=90}]
2024-10-15T20:57:01.828+03:00  INFO 74208 --- [main] com.gym_app.core.aspect.LoggingAspect    : Exiting method: create with result: Training{Service{Id=823, Beta, Omega, Morning Yoga', 2024-10-18, 90}trainingType=YOGA, trainingName='Morning Yoga', trainingDate=2024-10-18, duration=90}
2024-10-15T20:57:01.828+03:00  INFO 74208 --- [main] com.gym_app.core.aspect.LoggingAspect    : Entering method: create with arguments: [Training{Service{Id=0, Alpha, Omega, Resistance Training', 2024-10-19, 75}trainingType=RESISTANCE, trainingName='Resistance Training', trainingDate=2024-10-19, duration=75}]
2024-10-15T20:57:01.829+03:00  INFO 74208 --- [main] com.gym_app.core.aspect.LoggingAspect    : Exiting method: create with result: Training{Service{Id=767, Alpha, Omega, Resistance Training', 2024-10-19, 75}trainingType=RESISTANCE, trainingName='Resistance Training', trainingDate=2024-10-19, duration=75}
2024-10-15T20:57:01.829+03:00  INFO 74208 --- [main] com.gym_app.core.aspect.LoggingAspect    : Entering method: create with arguments: [Training{Service{Id=0, Ro, Epsilon, Evening Zumba', 2024-10-16, 50}trainingType=ZUMBA, trainingName='Evening Zumba', trainingDate=2024-10-16, duration=50}]
2024-10-15T20:57:01.829+03:00  INFO 74208 --- [main] com.gym_app.core.aspect.LoggingAspect    : Exiting method: create with result: Training{Service{Id=771, Ro, Epsilon, Evening Zumba', 2024-10-16, 50}trainingType=ZUMBA, trainingName='Evening Zumba', trainingDate=2024-10-16, duration=50}
2024-10-15T20:57:01.829+03:00  INFO 74208 --- [main] com.gym_app.core.aspect.LoggingAspect    : Entering method: create with arguments: [Training{Service{Id=0, Kappa, Delta, Power Lifting', 2024-10-20, 120}trainingType=RESISTANCE, trainingName='Power Lifting', trainingDate=2024-10-20, duration=120}]
2024-10-15T20:57:01.829+03:00  INFO 74208 --- [main] com.gym_app.core.aspect.LoggingAspect    : Exiting method: create with result: Training{Service{Id=878, Kappa, Delta, Power Lifting', 2024-10-20, 120}trainingType=RESISTANCE, trainingName='Power Lifting', trainingDate=2024-10-20, duration=120}
2024-10-15T20:57:01.829+03:00  INFO 74208 --- [main] com.gym_app.core.aspect.LoggingAspect    : Entering method: create with arguments: [Training{Service{Id=0, Lambda, Epsilon, Full Body Fitness', 2024-10-21, 90}trainingType=FITNESS, trainingName='Full Body Fitness', trainingDate=2024-10-21, duration=90}]
2024-10-15T20:57:01.829+03:00  INFO 74208 --- [main] com.gym_app.core.aspect.LoggingAspect    : Exiting method: create with result: Training{Service{Id=82, Lambda, Epsilon, Full Body Fitness', 2024-10-21, 90}trainingType=FITNESS, trainingName='Full Body Fitness', trainingDate=2024-10-21, duration=90}
2024-10-15T20:57:01.829+03:00  INFO 74208 --- [main] com.gym_app.core.aspect.LoggingAspect    : Entering method: update with arguments: [Training{Service{Id=767, Alpha, Omega, Resistance Training', 2024-10-19, 75}trainingType=RESISTANCE, trainingName='Resistance Training', trainingDate=2024-10-19, duration=75}, [Alpha, Epsilon, Power Yoga, YOGA, 2024-10-18, 50]]
2024-10-15T20:57:01.829+03:00  INFO 74208 --- [main] com.gym_app.core.aspect.LoggingAspect    : Exiting method: update with result: null
2024-10-15T20:57:01.829+03:00  INFO 74208 --- [main] com.gym_app.core.aspect.LoggingAspect    : Entering method: select with arguments: [767]
2024-10-15T20:57:01.829+03:00  INFO 74208 --- [main] com.gym_app.core.aspect.LoggingAspect    : Exiting method: select with result: Optional[Training{Service{Id=767, Alpha, Epsilon, Power Yoga', 2024-10-18, 50}trainingType=YOGA, trainingName='Power Yoga', trainingDate=2024-10-18, duration=50}]
2024-10-15T20:57:01.831+03:00  INFO 74208 --- [main] com.gym_app.core.aspect.LoggingAspect    : Entering method: update with arguments: [null, [Alpha, Epsilon, Power Yoga, YOGA, 2024-10-18, 50]]
2024-10-15T20:57:01.831+03:00 ERROR 74208 --- [main] com.gym_app.core.aspect.LoggingAspect    : Exception thrown in method: update with message: Entity argument cannot be null
2024-10-15T20:57:01.831+03:00  INFO 74208 --- [main] com.gym_app.core.aspect.LoggingAspect    : Entering method: update with arguments: [Training{Service{Id=767, Alpha, Epsilon, Power Yoga', 2024-10-18, 50}trainingType=YOGA, trainingName='Power Yoga', trainingDate=2024-10-18, duration=50}, null]
2024-10-15T20:57:01.831+03:00 ERROR 74208 --- [main] com.gym_app.core.aspect.LoggingAspect    : Exception thrown in method: update with message: Update array cannot be null or empty
2024-10-15T20:57:01.831+03:00  INFO 74208 --- [main] com.gym_app.core.aspect.LoggingAspect    : Entering method: update with arguments: [Training{Service{Id=767, Alpha, Epsilon, Power Yoga', 2024-10-18, 50}trainingType=YOGA, trainingName='Power Yoga', trainingDate=2024-10-18, duration=50}, []]
2024-10-15T20:57:01.831+03:00 ERROR 74208 --- [main] com.gym_app.core.aspect.LoggingAspect    : Exception thrown in method: update with message: Update array cannot be null or empty
2024-10-15T20:57:01.835+03:00  INFO 74208 --- [main] com.gym_app.core.aspect.LoggingAspect    : Entering method: create with arguments: [Training{Service{Id=0, Alpha, Delta, Sunday Stretching', 2024-10-17, 60}trainingType=STRETCHING, trainingName='Sunday Stretching', trainingDate=2024-10-17, duration=60}]
2024-10-15T20:57:01.835+03:00  INFO 74208 --- [main] com.gym_app.core.aspect.LoggingAspect    : Exiting method: create with result: Training{Service{Id=666, Alpha, Delta, Sunday Stretching', 2024-10-17, 60}trainingType=STRETCHING, trainingName='Sunday Stretching', trainingDate=2024-10-17, duration=60}
2024-10-15T20:57:01.835+03:00  INFO 74208 --- [main] com.gym_app.core.aspect.LoggingAspect    : Entering method: create with arguments: [Training{Service{Id=0, Beta, Omega, Morning Yoga', 2024-10-18, 90}trainingType=YOGA, trainingName='Morning Yoga', trainingDate=2024-10-18, duration=90}]
2024-10-15T20:57:01.835+03:00  INFO 74208 --- [main] com.gym_app.core.aspect.LoggingAspect    : Exiting method: create with result: Training{Service{Id=464, Beta, Omega, Morning Yoga', 2024-10-18, 90}trainingType=YOGA, trainingName='Morning Yoga', trainingDate=2024-10-18, duration=90}
2024-10-15T20:57:01.835+03:00  INFO 74208 --- [main] com.gym_app.core.aspect.LoggingAspect    : Entering method: create with arguments: [Training{Service{Id=0, Alpha, Omega, Resistance Training', 2024-10-19, 75}trainingType=RESISTANCE, trainingName='Resistance Training', trainingDate=2024-10-19, duration=75}]
2024-10-15T20:57:01.835+03:00  INFO 74208 --- [main] com.gym_app.core.aspect.LoggingAspect    : Exiting method: create with result: Training{Service{Id=194, Alpha, Omega, Resistance Training', 2024-10-19, 75}trainingType=RESISTANCE, trainingName='Resistance Training', trainingDate=2024-10-19, duration=75}
2024-10-15T20:57:01.835+03:00  INFO 74208 --- [main] com.gym_app.core.aspect.LoggingAspect    : Entering method: create with arguments: [Training{Service{Id=0, Ro, Epsilon, Evening Zumba', 2024-10-16, 50}trainingType=ZUMBA, trainingName='Evening Zumba', trainingDate=2024-10-16, duration=50}]
2024-10-15T20:57:01.835+03:00  INFO 74208 --- [main] com.gym_app.core.aspect.LoggingAspect    : Exiting method: create with result: Training{Service{Id=953, Ro, Epsilon, Evening Zumba', 2024-10-16, 50}trainingType=ZUMBA, trainingName='Evening Zumba', trainingDate=2024-10-16, duration=50}
2024-10-15T20:57:01.835+03:00  INFO 74208 --- [main] com.gym_app.core.aspect.LoggingAspect    : Entering method: create with arguments: [Training{Service{Id=0, Kappa, Delta, Power Lifting', 2024-10-20, 120}trainingType=RESISTANCE, trainingName='Power Lifting', trainingDate=2024-10-20, duration=120}]
2024-10-15T20:57:01.835+03:00  INFO 74208 --- [main] com.gym_app.core.aspect.LoggingAspect    : Exiting method: create with result: Training{Service{Id=511, Kappa, Delta, Power Lifting', 2024-10-20, 120}trainingType=RESISTANCE, trainingName='Power Lifting', trainingDate=2024-10-20, duration=120}
2024-10-15T20:57:01.835+03:00  INFO 74208 --- [main] com.gym_app.core.aspect.LoggingAspect    : Entering method: create with arguments: [Training{Service{Id=0, Lambda, Epsilon, Full Body Fitness', 2024-10-21, 90}trainingType=FITNESS, trainingName='Full Body Fitness', trainingDate=2024-10-21, duration=90}]
2024-10-15T20:57:01.835+03:00  INFO 74208 --- [main] com.gym_app.core.aspect.LoggingAspect    : Exiting method: create with result: Training{Service{Id=307, Lambda, Epsilon, Full Body Fitness', 2024-10-21, 90}trainingType=FITNESS, trainingName='Full Body Fitness', trainingDate=2024-10-21, duration=90}
2024-10-15T20:57:01.835+03:00  INFO 74208 --- [main] com.gym_app.core.aspect.LoggingAspect    : Entering method: select with arguments: [511]
2024-10-15T20:57:01.835+03:00  INFO 74208 --- [main] com.gym_app.core.aspect.LoggingAspect    : Exiting method: select with result: Optional[Training{Service{Id=511, Kappa, Delta, Power Lifting', 2024-10-20, 120}trainingType=RESISTANCE, trainingName='Power Lifting', trainingDate=2024-10-20, duration=120}]
2024-10-15T20:57:01.835+03:00  INFO 74208 --- [main] com.gym_app.core.aspect.LoggingAspect    : Entering method: select with arguments: [999]
2024-10-15T20:57:01.835+03:00 ERROR 74208 --- [main] com.gym_app.core.aspect.LoggingAspect    : Exception thrown in method: select with message: Entity with ID 999 not found
2024-10-15T20:57:01.842+03:00  INFO 74208 --- [main] t.c.s.AnnotationConfigContextLoaderUtils : Could not detect default configuration classes for test class [com.gym_app.core.CoreApplicationTests]: CoreApplicationTests does not declare any static, non-private, non-final, nested classes annotated with @Configuration.
2024-10-15T20:57:01.858+03:00  INFO 74208 --- [main] .b.t.c.SpringBootTestContextBootstrapper : Found @SpringBootConfiguration com.gym_app.core.CoreApplication for test class com.gym_app.core.CoreApplicationTests
2024-10-15T20:57:01.874+03:00  INFO 74208 --- [main] com.gym_app.core.aspect.LoggingAspect    : Entering method: create with arguments: [Trainee{User{, John', Wick', user= null', password='null'}dateOfBirth=2004-10-15, address='Hotel Continental'}]
2024-10-15T20:57:01.874+03:00  INFO 74208 --- [main] com.gym_app.core.aspect.LoggingAspect    : Exiting method: create with result: Trainee{User{, John', Wick', user= John.Wick', password=*****}dateOfBirth=2004-10-15, address='Hotel Continental'}
2024-10-15T20:57:01.874+03:00  INFO 74208 --- [main] com.gym_app.core.aspect.LoggingAspect    : Entering method: create with arguments: [Trainee{User{, Alice', Smith', user= null', password='null'}dateOfBirth=2003-10-15, address='null'}]
2024-10-15T20:57:01.874+03:00  INFO 74208 --- [main] com.gym_app.core.aspect.LoggingAspect    : Exiting method: create with result: Trainee{User{, Alice', Smith', user= Alice.Smith', password=*****}dateOfBirth=2003-10-15, address='null'}
2024-10-15T20:57:01.874+03:00  INFO 74208 --- [main] com.gym_app.core.aspect.LoggingAspect    : Entering method: create with arguments: [Trainee{User{, Bruce', Wayne', user= null', password='null'}dateOfBirth=2002-10-15, address='Bat-cave'}]
2024-10-15T20:57:01.874+03:00  INFO 74208 --- [main] com.gym_app.core.aspect.LoggingAspect    : Exiting method: create with result: Trainee{User{, Bruce', Wayne', user= Bruce.Wayne', password=*****}dateOfBirth=2002-10-15, address='Bat-cave'}
2024-10-15T20:57:01.874+03:00  INFO 74208 --- [main] com.gym_app.core.aspect.LoggingAspect    : Entering method: create with arguments: [Trainee{User{, Diana', Prince', user= null', password='null'}dateOfBirth=2001-10-15, address='Greece'}]
2024-10-15T20:57:01.874+03:00  INFO 74208 --- [main] com.gym_app.core.aspect.LoggingAspect    : Exiting method: create with result: Trainee{User{, Diana', Prince', user= Diana.Prince', password=*****}dateOfBirth=2001-10-15, address='Greece'}
2024-10-15T20:57:01.874+03:00  INFO 74208 --- [main] com.gym_app.core.aspect.LoggingAspect    : Entering method: create with arguments: [Trainee{User{, Clark', Kent', user= null', password='null'}dateOfBirth=2000-10-15, address='Krypton'}]
2024-10-15T20:57:01.874+03:00  INFO 74208 --- [main] com.gym_app.core.aspect.LoggingAspect    : Exiting method: create with result: Trainee{User{, Clark', Kent', user= Clark.Kent', password=*****}dateOfBirth=2000-10-15, address='Krypton'}
2024-10-15T20:57:01.878+03:00  INFO 74208 --- [main] com.gym_app.core.aspect.LoggingAspect    : Entering method: update with arguments: [Trainee{User{, Bruce', Wayne', user= Bruce.Wayne', password='UnarFbiCuG'}dateOfBirth=2002-10-15, address='Bat-cave'}, [Bruce, Lee, Bruce.Lee, ipmansson1970, false, 1940-11-27, New York]]
2024-10-15T20:57:01.878+03:00  INFO 74208 --- [main] com.gym_app.core.aspect.LoggingAspect    : Exiting method: update with result: null
2024-10-15T20:57:01.878+03:00  INFO 74208 --- [main] com.gym_app.core.aspect.LoggingAspect    : Entering method: select with arguments: [Bruce.Wayne]
2024-10-15T20:57:01.878+03:00  INFO 74208 --- [main] com.gym_app.core.aspect.LoggingAspect    : Exiting method: select with result: Optional[Trainee{User{, Bruce', Lee', user= Bruce.Lee', password=*****}dateOfBirth=1940-11-27, address='New York'}]
2024-10-15T20:57:01.878+03:00  INFO 74208 --- [main] com.gym_app.core.aspect.LoggingAspect    : Entering method: update with arguments: [null, [Bruce, Lee, Bruce.Lee, ipmansson1970, false, 1940-11-27, New York]]
2024-10-15T20:57:01.878+03:00 ERROR 74208 --- [main] com.gym_app.core.aspect.LoggingAspect    : Exception thrown in method: update with message: Entity argument cannot be null
2024-10-15T20:57:01.879+03:00  INFO 74208 --- [main] com.gym_app.core.aspect.LoggingAspect    : Entering method: update with arguments: [Trainee{User{, Bruce', Lee', user= Bruce.Lee', password='ipmansson1970'}dateOfBirth=1940-11-27, address='New York'}, null]
2024-10-15T20:57:01.879+03:00 ERROR 74208 --- [main] com.gym_app.core.aspect.LoggingAspect    : Exception thrown in method: update with message: Update array cannot be null or empty
2024-10-15T20:57:01.879+03:00  INFO 74208 --- [main] com.gym_app.core.aspect.LoggingAspect    : Entering method: update with arguments: [Trainee{User{, Bruce', Lee', user= Bruce.Lee', password='ipmansson1970'}dateOfBirth=1940-11-27, address='New York'}, []]
2024-10-15T20:57:01.879+03:00 ERROR 74208 --- [main] com.gym_app.core.aspect.LoggingAspect    : Exception thrown in method: update with message: Update array cannot be null or empty
2024-10-15T20:57:01.879+03:00  INFO 74208 --- [main] com.gym_app.core.aspect.LoggingAspect    : Entering method: update with arguments: [Trainee{User{, Bruce', Lee', user= Bruce.Lee', password='ipmansson1970'}dateOfBirth=1940-11-27, address='New York'}, [null, null, null, null, null]]
2024-10-15T20:57:01.879+03:00 ERROR 74208 --- [main] com.gym_app.core.aspect.LoggingAspect    : Exception thrown in method: update with message: Invalid number of parameters. Expected 7 parameters.
2024-10-15T20:57:01.881+03:00  INFO 74208 --- [main] com.gym_app.core.aspect.LoggingAspect    : Entering method: create with arguments: [Trainee{User{, John', Wick', user= null', password='null'}dateOfBirth=2004-10-15, address='Hotel Continental'}]
2024-10-15T20:57:01.881+03:00  INFO 74208 --- [main] com.gym_app.core.aspect.LoggingAspect    : Exiting method: create with result: Trainee{User{, John', Wick', user= John.Wick', password=*****}dateOfBirth=2004-10-15, address='Hotel Continental'}
2024-10-15T20:57:01.881+03:00  INFO 74208 --- [main] com.gym_app.core.aspect.LoggingAspect    : Entering method: create with arguments: [Trainee{User{, Alice', Smith', user= null', password='null'}dateOfBirth=2003-10-15, address='null'}]
2024-10-15T20:57:01.881+03:00  INFO 74208 --- [main] com.gym_app.core.aspect.LoggingAspect    : Exiting method: create with result: Trainee{User{, Alice', Smith', user= Alice.Smith', password=*****}dateOfBirth=2003-10-15, address='null'}
2024-10-15T20:57:01.881+03:00  INFO 74208 --- [main] com.gym_app.core.aspect.LoggingAspect    : Entering method: create with arguments: [Trainee{User{, Bruce', Wayne', user= null', password='null'}dateOfBirth=2002-10-15, address='Bat-cave'}]
2024-10-15T20:57:01.881+03:00  INFO 74208 --- [main] com.gym_app.core.aspect.LoggingAspect    : Exiting method: create with result: Trainee{User{, Bruce', Wayne', user= Bruce.Wayne', password=*****}dateOfBirth=2002-10-15, address='Bat-cave'}
2024-10-15T20:57:01.881+03:00  INFO 74208 --- [main] com.gym_app.core.aspect.LoggingAspect    : Entering method: create with arguments: [Trainee{User{, Diana', Prince', user= null', password='null'}dateOfBirth=2001-10-15, address='Greece'}]
2024-10-15T20:57:01.881+03:00  INFO 74208 --- [main] com.gym_app.core.aspect.LoggingAspect    : Exiting method: create with result: Trainee{User{, Diana', Prince', user= Diana.Prince', password=*****}dateOfBirth=2001-10-15, address='Greece'}
2024-10-15T20:57:01.881+03:00  INFO 74208 --- [main] com.gym_app.core.aspect.LoggingAspect    : Entering method: create with arguments: [Trainee{User{, Clark', Kent', user= null', password='null'}dateOfBirth=2000-10-15, address='Krypton'}]
2024-10-15T20:57:01.884+03:00  INFO 74208 --- [main] com.gym_app.core.aspect.LoggingAspect    : Exiting method: create with result: Trainee{User{, Clark', Kent', user= Clark.Kent', password=*****}dateOfBirth=2000-10-15, address='Krypton'}
2024-10-15T20:57:01.884+03:00  INFO 74208 --- [main] com.gym_app.core.aspect.LoggingAspect    : Entering method: delete with arguments: [Diana.Prince]
2024-10-15T20:57:01.884+03:00  INFO 74208 --- [main] com.gym_app.core.aspect.LoggingAspect    : Exiting method: delete with result: null
2024-10-15T20:57:01.884+03:00  INFO 74208 --- [main] com.gym_app.core.aspect.LoggingAspect    : Entering method: delete with arguments: [Diana.Prince]
2024-10-15T20:57:01.885+03:00 ERROR 74208 --- [main] com.gym_app.core.aspect.LoggingAspect    : Exception thrown in method: delete with message: Entity with ID Diana.Prince not found
2024-10-15T20:57:01.888+03:00  INFO 74208 --- [main] com.gym_app.core.aspect.LoggingAspect    : Entering method: create with arguments: [Trainee{User{, John', Wick', user= null', password='null'}dateOfBirth=2004-10-15, address='Hotel Continental'}]
2024-10-15T20:57:01.888+03:00  INFO 74208 --- [main] com.gym_app.core.aspect.LoggingAspect    : Exiting method: create with result: Trainee{User{, John', Wick', user= John.Wick', password=*****}dateOfBirth=2004-10-15, address='Hotel Continental'}
2024-10-15T20:57:01.888+03:00  INFO 74208 --- [main] com.gym_app.core.aspect.LoggingAspect    : Entering method: create with arguments: [Trainee{User{, Alice', Smith', user= null', password='null'}dateOfBirth=2003-10-15, address='null'}]
2024-10-15T20:57:01.888+03:00  INFO 74208 --- [main] com.gym_app.core.aspect.LoggingAspect    : Exiting method: create with result: Trainee{User{, Alice', Smith', user= Alice.Smith', password=*****}dateOfBirth=2003-10-15, address='null'}
2024-10-15T20:57:01.888+03:00  INFO 74208 --- [main] com.gym_app.core.aspect.LoggingAspect    : Entering method: create with arguments: [Trainee{User{, Bruce', Wayne', user= null', password='null'}dateOfBirth=2002-10-15, address='Bat-cave'}]
2024-10-15T20:57:01.888+03:00  INFO 74208 --- [main] com.gym_app.core.aspect.LoggingAspect    : Exiting method: create with result: Trainee{User{, Bruce', Wayne', user= Bruce.Wayne', password=*****}dateOfBirth=2002-10-15, address='Bat-cave'}
2024-10-15T20:57:01.888+03:00  INFO 74208 --- [main] com.gym_app.core.aspect.LoggingAspect    : Entering method: create with arguments: [Trainee{User{, Diana', Prince', user= null', password='null'}dateOfBirth=2001-10-15, address='Greece'}]
2024-10-15T20:57:01.888+03:00  INFO 74208 --- [main] com.gym_app.core.aspect.LoggingAspect    : Exiting method: create with result: Trainee{User{, Diana', Prince', user= Diana.Prince', password=*****}dateOfBirth=2001-10-15, address='Greece'}
2024-10-15T20:57:01.888+03:00  INFO 74208 --- [main] com.gym_app.core.aspect.LoggingAspect    : Entering method: create with arguments: [Trainee{User{, Clark', Kent', user= null', password='null'}dateOfBirth=2000-10-15, address='Krypton'}]
2024-10-15T20:57:01.888+03:00  INFO 74208 --- [main] com.gym_app.core.aspect.LoggingAspect    : Exiting method: create with result: Trainee{User{, Clark', Kent', user= Clark.Kent', password=*****}dateOfBirth=2000-10-15, address='Krypton'}
2024-10-15T20:57:01.889+03:00  INFO 74208 --- [main] com.gym_app.core.aspect.LoggingAspect    : Entering method: create with arguments: [Trainee{User{, Tony', Stark', user= null', password='null'}dateOfBirth=1974-10-15, address='RIP'}]
2024-10-15T20:57:01.889+03:00  INFO 74208 --- [main] com.gym_app.core.aspect.LoggingAspect    : Exiting method: create with result: Trainee{User{, Tony', Stark', user= Tony.Stark', password=*****}dateOfBirth=1974-10-15, address='RIP'}
2024-10-15T20:57:01.889+03:00  INFO 74208 --- [main] com.gym_app.core.aspect.LoggingAspect    : Entering method: create with arguments: [Trainee{User{, Tony', Stark', user= null', password='null'}dateOfBirth=1974-10-15, address='RIP'}]
2024-10-15T20:57:01.889+03:00  INFO 74208 --- [main] com.gym_app.core.aspect.LoggingAspect    : Exiting method: create with result: Trainee{User{, Tony', Stark', user= Tony.Stark1', password=*****}dateOfBirth=1974-10-15, address='RIP'}
2024-10-15T20:57:01.889+03:00  INFO 74208 --- [main] com.gym_app.core.aspect.LoggingAspect    : Entering method: create with arguments: [Trainee{User{, Tony', Stark', user= null', password='null'}dateOfBirth=1974-10-15, address='RIP'}]
2024-10-15T20:57:01.889+03:00  INFO 74208 --- [main] com.gym_app.core.aspect.LoggingAspect    : Exiting method: create with result: Trainee{User{, Tony', Stark', user= Tony.Stark2', password=*****}dateOfBirth=1974-10-15, address='RIP'}
2024-10-15T20:57:01.890+03:00  INFO 74208 --- [main] com.gym_app.core.aspect.LoggingAspect    : Entering method: select with arguments: [Tony.Stark1]
2024-10-15T20:57:01.890+03:00  INFO 74208 --- [main] com.gym_app.core.aspect.LoggingAspect    : Exiting method: select with result: Optional[Trainee{User{, Tony', Stark', user= Tony.Stark1', password=*****}dateOfBirth=1974-10-15, address='RIP'}]
2024-10-15T20:57:01.890+03:00  INFO 74208 --- [main] com.gym_app.core.aspect.LoggingAspect    : Entering method: select with arguments: [Tony.Stark2]
2024-10-15T20:57:01.890+03:00  INFO 74208 --- [main] com.gym_app.core.aspect.LoggingAspect    : Exiting method: select with result: Optional[Trainee{User{, Tony', Stark', user= Tony.Stark2', password=*****}dateOfBirth=1974-10-15, address='RIP'}]
2024-10-15T20:57:01.890+03:00  INFO 74208 --- [main] com.gym_app.core.aspect.LoggingAspect    : Entering method: create with arguments: [null]
2024-10-15T20:57:01.890+03:00 ERROR 74208 --- [main] com.gym_app.core.aspect.LoggingAspect    : Exception thrown in method: create with message: Entity argument cannot be null
2024-10-15T20:57:01.890+03:00  INFO 74208 --- [main] com.gym_app.core.aspect.LoggingAspect    : Entering method: create with arguments: [Trainee{User{, John', Wick', user= null', password='null'}dateOfBirth=2004-10-15, address='Hotel Continental'}]
2024-10-15T20:57:01.890+03:00  INFO 74208 --- [main] com.gym_app.core.aspect.LoggingAspect    : Exiting method: create with result: Trainee{User{, John', Wick', user= John.Wick', password=*****}dateOfBirth=2004-10-15, address='Hotel Continental'}
2024-10-15T20:57:01.890+03:00  INFO 74208 --- [main] com.gym_app.core.aspect.LoggingAspect    : Entering method: create with arguments: [Trainee{User{, Alice', Smith', user= null', password='null'}dateOfBirth=2003-10-15, address='null'}]
2024-10-15T20:57:01.890+03:00  INFO 74208 --- [main] com.gym_app.core.aspect.LoggingAspect    : Exiting method: create with result: Trainee{User{, Alice', Smith', user= Alice.Smith', password=*****}dateOfBirth=2003-10-15, address='null'}
2024-10-15T20:57:01.890+03:00  INFO 74208 --- [main] com.gym_app.core.aspect.LoggingAspect    : Entering method: create with arguments: [Trainee{User{, Bruce', Wayne', user= null', password='null'}dateOfBirth=2002-10-15, address='Bat-cave'}]
2024-10-15T20:57:01.890+03:00  INFO 74208 --- [main] com.gym_app.core.aspect.LoggingAspect    : Exiting method: create with result: Trainee{User{, Bruce', Wayne', user= Bruce.Wayne', password=*****}dateOfBirth=2002-10-15, address='Bat-cave'}
2024-10-15T20:57:01.890+03:00  INFO 74208 --- [main] com.gym_app.core.aspect.LoggingAspect    : Entering method: create with arguments: [Trainee{User{, Diana', Prince', user= null', password='null'}dateOfBirth=2001-10-15, address='Greece'}]
2024-10-15T20:57:01.890+03:00  INFO 74208 --- [main] com.gym_app.core.aspect.LoggingAspect    : Exiting method: create with result: Trainee{User{, Diana', Prince', user= Diana.Prince', password=*****}dateOfBirth=2001-10-15, address='Greece'}
2024-10-15T20:57:01.890+03:00  INFO 74208 --- [main] com.gym_app.core.aspect.LoggingAspect    : Entering method: create with arguments: [Trainee{User{, Clark', Kent', user= null', password='null'}dateOfBirth=2000-10-15, address='Krypton'}]
2024-10-15T20:57:01.890+03:00  INFO 74208 --- [main] com.gym_app.core.aspect.LoggingAspect    : Exiting method: create with result: Trainee{User{, Clark', Kent', user= Clark.Kent', password=*****}dateOfBirth=2000-10-15, address='Krypton'}
2024-10-15T20:57:01.890+03:00  INFO 74208 --- [main] com.gym_app.core.aspect.LoggingAspect    : Entering method: select with arguments: [Clark.Kent]
2024-10-15T20:57:01.890+03:00  INFO 74208 --- [main] com.gym_app.core.aspect.LoggingAspect    : Exiting method: select with result: Optional[Trainee{User{, Clark', Kent', user= Clark.Kent', password=*****}dateOfBirth=2000-10-15, address='Krypton'}]
2024-10-15T20:57:01.890+03:00  INFO 74208 --- [main] com.gym_app.core.aspect.LoggingAspect    : Entering method: select with arguments: [samantha.ahtnamas]
2024-10-15T20:57:01.890+03:00 ERROR 74208 --- [main] com.gym_app.core.aspect.LoggingAspect    : Exception thrown in method: select with message: Entity with ID samantha.ahtnamas not found
2024-10-15T20:57:01.899+03:00  INFO 74208 --- [SpringApplicationShutdownHook] j.LocalContainerEntityManagerFactoryBean : Closing JPA EntityManagerFactory for persistence unit 'default'
2024-10-15T20:57:01.905+03:00  INFO 74208 --- [SpringApplicationShutdownHook] com.zaxxer.hikari.HikariDataSource       : HikariPool-1 - Shutdown initiated...
2024-10-15T20:57:01.906+03:00  INFO 74208 --- [SpringApplicationShutdownHook] com.zaxxer.hikari.HikariDataSource       : HikariPool-1 - Shutdown completed.
